TN:
SF:commander/adventure.js
FN:9,loadAdventure
FN:15,resolveTemplate
FN:22,evaluateCondition
FN:34,filterChoices
FN:41,resolveGitData
FN:55,buildContext
FN:79,prepareAdventure
FN:100,matchChoice
FNF:8
FNH:8
FNDA:1,loadAdventure
FNDA:32,resolveTemplate
FNDA:2,evaluateCondition
FNDA:1,filterChoices
FNDA:2,resolveGitData
FNDA:2,buildContext
FNDA:1,prepareAdventure
FNDA:4,matchChoice
DA:1,1
DA:2,1
DA:3,1
DA:4,1
DA:5,1
DA:6,1
DA:7,1
DA:8,1
DA:9,1
DA:10,1
DA:11,1
DA:12,1
DA:13,1
DA:14,1
DA:15,32
DA:16,32
DA:17,32
DA:18,4
DA:19,32
DA:20,32
DA:21,1
DA:22,2
DA:23,2
DA:24,2
DA:25,2
DA:26,2
DA:27,2
DA:28,2
DA:29,2
DA:30,2
DA:31,2
DA:32,2
DA:33,1
DA:34,1
DA:35,1
DA:36,15
DA:37,2
DA:38,1
DA:39,1
DA:40,1
DA:41,2
DA:42,2
DA:43,2
DA:44,2
DA:45,2
DA:46,2
DA:47,2
DA:48,2
DA:49,2
DA:50,2
DA:51,2
DA:52,2
DA:53,2
DA:54,1
DA:55,2
DA:56,2
DA:57,2
DA:58,2
DA:59,2
DA:60,2
DA:61,2
DA:62,2
DA:63,2
DA:64,2
DA:65,2
DA:66,2
DA:67,2
DA:68,2
DA:69,2
DA:70,2
DA:71,2
DA:72,2
DA:73,2
DA:74,2
DA:75,2
DA:76,2
DA:77,2
DA:78,1
DA:79,1
DA:80,1
DA:81,1
DA:82,1
DA:83,1
DA:84,1
DA:85,1
DA:86,1
DA:87,1
DA:88,1
DA:89,1
DA:90,1
DA:91,1
DA:92,14
DA:93,1
DA:94,1
DA:95,1
DA:96,1
DA:97,1
DA:98,1
DA:99,1
DA:100,4
DA:101,4
DA:102,4
DA:103,4
DA:104,1
DA:105,1
DA:106,1
DA:107,1
DA:108,1
DA:109,1
LF:109
LH:109
BRDA:1,0,0,1
BRDA:9,1,0,1
BRDA:11,2,0,0
BRDA:12,3,0,0
BRDA:15,4,0,32
BRDA:16,5,0,0
BRDA:17,6,0,4
BRDA:18,7,0,0
BRDA:22,8,0,2
BRDA:24,9,0,1
BRDA:25,10,0,0
BRDA:26,11,0,0
BRDA:27,12,0,0
BRDA:28,13,0,0
BRDA:29,14,0,1
BRDA:30,15,0,0
BRDA:34,16,0,1
BRDA:35,17,0,15
BRDA:36,18,0,13
BRDA:37,19,0,2
BRDA:41,20,0,2
BRDA:47,21,0,0
BRDA:48,22,0,0
BRDA:48,23,0,0
BRDA:50,24,0,0
BRDA:52,25,0,0
BRDA:55,26,0,2
BRDA:56,27,0,0
BRDA:58,28,0,1
BRDA:59,29,0,1
BRDA:60,30,0,0
BRDA:62,31,0,0
BRDA:63,32,0,1
BRDA:64,33,0,1
BRDA:65,34,0,1
BRDA:66,35,0,0
BRDA:67,36,0,0
BRDA:68,37,0,0
BRDA:69,38,0,0
BRDA:73,39,0,1
BRDA:73,40,0,1
BRDA:75,41,0,1
BRDA:75,42,0,1
BRDA:79,43,0,1
BRDA:80,44,0,0
BRDA:82,45,0,0
BRDA:83,46,0,0
BRDA:86,47,0,0
BRDA:87,48,0,0
BRDA:88,49,0,0
BRDA:89,50,0,0
BRDA:90,51,0,0
BRDA:91,52,0,14
BRDA:92,53,0,2
BRDA:100,54,0,4
BRDA:102,55,0,1
BRDA:102,56,0,6
BRF:57
BRH:28
end_of_record
TN:
SF:commander/branding.js
FN:26,welcomeBack
FNF:1
FNH:0
FNDA:0,welcomeBack
DA:1,1
DA:2,1
DA:3,1
DA:4,1
DA:5,1
DA:6,1
DA:7,1
DA:8,1
DA:9,1
DA:10,1
DA:11,1
DA:12,1
DA:13,1
DA:14,1
DA:15,1
DA:16,1
DA:17,1
DA:18,1
DA:19,1
DA:20,1
DA:21,1
DA:22,1
DA:23,1
DA:24,1
DA:25,1
DA:26,1
DA:27,0
DA:28,1
DA:29,1
DA:30,1
DA:31,1
DA:32,1
DA:33,1
DA:34,1
DA:35,1
DA:36,1
LF:36
LH:35
BRDA:1,0,0,1
BRF:1
BRH:1
end_of_record
TN:
SF:commander/dispatcher.js
FN:5,generateSessionName
FN:9,getDefaultsForLevel
FN:17,scoreComplexity
FN:37,dispatch
FN:202,isClaudeAvailable
FN:206,getClaudeVersion
FN:210,dispatchWithRetry
FNF:7
FNH:2
FNDA:3,generateSessionName
FNDA:2,getDefaultsForLevel
FNDA:0,scoreComplexity
FNDA:0,dispatch
FNDA:0,isClaudeAvailable
FNDA:0,getClaudeVersion
FNDA:0,dispatchWithRetry
DA:1,1
DA:2,1
DA:3,1
DA:4,1
DA:5,3
DA:6,3
DA:7,3
DA:8,1
DA:9,2
DA:10,2
DA:11,2
DA:12,2
DA:13,2
DA:14,2
DA:15,2
DA:16,1
DA:17,0
DA:18,0
DA:19,0
DA:20,0
DA:21,0
DA:22,0
DA:23,0
DA:24,0
DA:25,0
DA:26,0
DA:27,0
DA:28,0
DA:29,0
DA:30,0
DA:31,0
DA:32,0
DA:33,0
DA:34,0
DA:35,0
DA:36,1
DA:37,0
DA:38,0
DA:39,0
DA:40,0
DA:41,0
DA:42,0
DA:43,0
DA:44,0
DA:45,0
DA:46,0
DA:47,0
DA:48,0
DA:49,0
DA:50,0
DA:51,0
DA:52,0
DA:53,0
DA:54,0
DA:55,0
DA:56,0
DA:57,0
DA:58,0
DA:59,0
DA:60,0
DA:61,0
DA:62,0
DA:63,0
DA:64,0
DA:65,0
DA:66,0
DA:67,0
DA:68,0
DA:69,0
DA:70,0
DA:71,0
DA:72,0
DA:73,0
DA:74,0
DA:75,0
DA:76,0
DA:77,0
DA:78,0
DA:79,0
DA:80,0
DA:81,0
DA:82,0
DA:83,0
DA:84,0
DA:85,0
DA:86,0
DA:87,0
DA:88,0
DA:89,0
DA:90,0
DA:91,0
DA:92,0
DA:93,0
DA:94,0
DA:95,0
DA:96,0
DA:97,0
DA:98,0
DA:99,0
DA:100,0
DA:101,0
DA:102,0
DA:103,0
DA:104,0
DA:105,0
DA:106,0
DA:107,0
DA:108,0
DA:109,0
DA:110,0
DA:111,0
DA:112,0
DA:113,0
DA:114,0
DA:115,0
DA:116,0
DA:117,0
DA:118,0
DA:119,0
DA:120,0
DA:121,0
DA:122,0
DA:123,0
DA:124,0
DA:125,0
DA:126,0
DA:127,0
DA:128,0
DA:129,0
DA:130,0
DA:131,0
DA:132,0
DA:133,0
DA:134,0
DA:135,0
DA:136,0
DA:137,0
DA:138,0
DA:139,0
DA:140,0
DA:141,0
DA:142,0
DA:143,0
DA:144,0
DA:145,0
DA:146,0
DA:147,0
DA:148,0
DA:149,0
DA:150,0
DA:151,0
DA:152,0
DA:153,0
DA:154,0
DA:155,0
DA:156,0
DA:157,0
DA:158,0
DA:159,0
DA:160,0
DA:161,0
DA:162,0
DA:163,0
DA:164,0
DA:165,0
DA:166,0
DA:167,0
DA:168,0
DA:169,0
DA:170,0
DA:171,0
DA:172,0
DA:173,0
DA:174,0
DA:175,0
DA:176,0
DA:177,0
DA:178,0
DA:179,0
DA:180,0
DA:181,0
DA:182,0
DA:183,0
DA:184,0
DA:185,0
DA:186,0
DA:187,0
DA:188,0
DA:189,0
DA:190,0
DA:191,0
DA:192,0
DA:193,0
DA:194,0
DA:195,0
DA:196,0
DA:197,0
DA:198,0
DA:199,0
DA:200,0
DA:201,1
DA:202,0
DA:203,0
DA:204,0
DA:205,1
DA:206,0
DA:207,0
DA:208,0
DA:209,1
DA:210,0
DA:211,0
DA:212,0
DA:213,0
DA:214,0
DA:215,0
DA:216,0
DA:217,0
DA:218,0
DA:219,0
DA:220,0
DA:221,0
DA:222,0
DA:223,0
DA:224,0
DA:225,0
DA:226,0
DA:227,0
DA:228,0
DA:229,0
DA:230,0
DA:231,0
DA:232,1
DA:233,1
LF:233
LH:22
BRDA:1,0,0,1
BRDA:5,1,0,3
BRDA:9,2,0,2
BRDA:11,3,0,1
BRDA:12,4,0,0
BRDA:13,5,0,1
BRDA:13,6,0,1
BRF:7
BRH:6
end_of_record
TN:
SF:commander/knowledge.js
FN:9,ensureDir
FN:20,extractAndStore
FN:58,searchRelevant
FN:88,buildKnowledgePrompt
FN:118,listAll
FN:136,getStats
FN:151,extractKeywords
FN:159,categorizeTask
FN:174,extractTechMentions
FN:182,extractErrors
FN:196,extractSuccesses
FN:206,loadAllLessons
FN:217,getModelPreference
FNF:13
FNH:2
FNDA:0,ensureDir
FNDA:0,extractAndStore
FNDA:0,searchRelevant
FNDA:0,buildKnowledgePrompt
FNDA:0,listAll
FNDA:0,getStats
FNDA:1,extractKeywords
FNDA:5,categorizeTask
FNDA:0,extractTechMentions
FNDA:0,extractErrors
FNDA:0,extractSuccesses
FNDA:0,loadAllLessons
FNDA:0,getModelPreference
DA:1,1
DA:2,1
DA:3,1
DA:4,1
DA:5,1
DA:6,1
DA:7,1
DA:8,1
DA:9,0
DA:10,0
DA:11,0
DA:12,1
DA:13,1
DA:14,1
DA:15,1
DA:16,1
DA:17,1
DA:18,1
DA:19,1
DA:20,0
DA:21,0
DA:22,0
DA:23,0
DA:24,0
DA:25,0
DA:26,0
DA:27,0
DA:28,0
DA:29,0
DA:30,0
DA:31,0
DA:32,0
DA:33,0
DA:34,0
DA:35,0
DA:36,0
DA:37,0
DA:38,0
DA:39,0
DA:40,0
DA:41,0
DA:42,0
DA:43,0
DA:44,0
DA:45,0
DA:46,0
DA:47,0
DA:48,0
DA:49,0
DA:50,1
DA:51,1
DA:52,1
DA:53,1
DA:54,1
DA:55,1
DA:56,1
DA:57,1
DA:58,0
DA:59,0
DA:60,0
DA:61,0
DA:62,0
DA:63,0
DA:64,0
DA:65,0
DA:66,0
DA:67,0
DA:68,0
DA:69,0
DA:70,0
DA:71,0
DA:72,0
DA:73,0
DA:74,0
DA:75,0
DA:76,0
DA:77,0
DA:78,0
DA:79,0
DA:80,0
DA:81,1
DA:82,1
DA:83,1
DA:84,1
DA:85,1
DA:86,1
DA:87,1
DA:88,0
DA:89,0
DA:90,0
DA:91,0
DA:92,0
DA:93,0
DA:94,0
DA:95,0
DA:96,0
DA:97,0
DA:98,0
DA:99,0
DA:100,0
DA:101,0
DA:102,0
DA:103,0
DA:104,0
DA:105,0
DA:106,0
DA:107,0
DA:108,0
DA:109,0
DA:110,0
DA:111,0
DA:112,0
DA:113,1
DA:114,1
DA:115,1
DA:116,1
DA:117,1
DA:118,0
DA:119,0
DA:120,0
DA:121,0
DA:122,0
DA:123,0
DA:124,0
DA:125,0
DA:126,0
DA:127,0
DA:128,0
DA:129,0
DA:130,0
DA:131,1
DA:132,1
DA:133,1
DA:134,1
DA:135,1
DA:136,0
DA:137,0
DA:138,0
DA:139,0
DA:140,0
DA:141,0
DA:142,0
DA:143,0
DA:144,0
DA:145,0
DA:146,1
DA:147,1
DA:148,1
DA:149,1
DA:150,1
DA:151,1
DA:152,1
DA:153,1
DA:154,1
DA:155,1
DA:156,1
DA:157,1
DA:158,1
DA:159,5
DA:160,5
DA:161,5
DA:162,5
DA:163,5
DA:164,5
DA:165,5
DA:166,5
DA:167,5
DA:168,5
DA:169,5
DA:170,1
DA:171,0
DA:172,5
DA:173,1
DA:174,0
DA:175,0
DA:176,0
DA:177,0
DA:178,0
DA:179,0
DA:180,0
DA:181,1
DA:182,0
DA:183,0
DA:184,0
DA:185,0
DA:186,0
DA:187,0
DA:188,0
DA:189,0
DA:190,0
DA:191,0
DA:192,0
DA:193,0
DA:194,0
DA:195,1
DA:196,0
DA:197,0
DA:198,0
DA:199,0
DA:200,0
DA:201,0
DA:202,0
DA:203,0
DA:204,0
DA:205,1
DA:206,0
DA:207,0
DA:208,0
DA:209,0
DA:210,0
DA:211,0
DA:212,0
DA:213,0
DA:214,0
DA:215,0
DA:216,1
DA:217,0
DA:218,0
DA:219,0
DA:220,0
DA:221,0
DA:222,0
DA:223,0
DA:224,0
DA:225,0
DA:226,0
DA:227,0
DA:228,0
DA:229,0
DA:230,0
DA:231,0
DA:232,1
DA:233,1
DA:234,1
DA:235,1
DA:236,1
DA:237,1
DA:238,1
DA:239,1
DA:240,1
DA:241,1
DA:242,1
LF:242
LH:83
BRDA:1,0,0,1
BRDA:151,1,0,1
BRDA:155,2,0,9
BRDA:155,3,0,8
BRDA:156,4,0,5
BRDA:159,5,0,5
BRDA:161,6,0,1
BRDA:162,7,0,4
BRDA:162,8,0,1
BRDA:163,9,0,3
BRDA:163,10,0,0
BRDA:164,11,0,3
BRDA:164,12,0,1
BRDA:165,13,0,2
BRDA:165,14,0,0
BRDA:166,15,0,2
BRDA:166,16,0,0
BRDA:167,17,0,2
BRDA:167,18,0,0
BRDA:168,19,0,2
BRDA:168,20,0,0
BRDA:169,21,0,2
BRDA:169,22,0,1
BRDA:171,23,0,0
BRF:24
BRH:18
end_of_record
TN:
SF:commander/plugins.js
FN:97,detectPlugins
FN:185,bestToolForPhase
FN:205,buildDispatchPlan
FN:227,getAttribution
FNF:4
FNH:3
FNDA:2,detectPlugins
FNDA:8,bestToolForPhase
FNDA:1,buildDispatchPlan
FNDA:0,getAttribution
DA:1,1
DA:2,1
DA:3,1
DA:4,1
DA:5,1
DA:6,1
DA:7,1
DA:8,1
DA:9,1
DA:10,1
DA:11,1
DA:12,1
DA:13,1
DA:14,1
DA:15,1
DA:16,1
DA:17,1
DA:18,1
DA:19,1
DA:20,1
DA:21,1
DA:22,1
DA:23,1
DA:24,1
DA:25,1
DA:26,1
DA:27,1
DA:28,1
DA:29,1
DA:30,1
DA:31,1
DA:32,1
DA:33,1
DA:34,1
DA:35,1
DA:36,1
DA:37,1
DA:38,1
DA:39,1
DA:40,1
DA:41,1
DA:42,1
DA:43,1
DA:44,1
DA:45,1
DA:46,1
DA:47,1
DA:48,1
DA:49,1
DA:50,1
DA:51,1
DA:52,1
DA:53,1
DA:54,1
DA:55,1
DA:56,1
DA:57,1
DA:58,1
DA:59,1
DA:60,1
DA:61,1
DA:62,1
DA:63,1
DA:64,1
DA:65,1
DA:66,1
DA:67,1
DA:68,1
DA:69,1
DA:70,1
DA:71,1
DA:72,1
DA:73,1
DA:74,1
DA:75,1
DA:76,1
DA:77,1
DA:78,1
DA:79,1
DA:80,1
DA:81,1
DA:82,1
DA:83,1
DA:84,1
DA:85,1
DA:86,1
DA:87,1
DA:88,1
DA:89,1
DA:90,1
DA:91,1
DA:92,1
DA:93,1
DA:94,1
DA:95,1
DA:96,1
DA:97,2
DA:98,2
DA:99,2
DA:100,2
DA:101,2
DA:102,2
DA:103,2
DA:104,2
DA:105,2
DA:106,2
DA:107,8
DA:108,4
DA:109,4
DA:110,4
DA:111,624
DA:112,624
DA:113,4
DA:114,8
DA:115,2
DA:116,2
DA:117,2
DA:118,2
DA:119,2
DA:120,2
DA:121,10
DA:122,10
DA:123,10
DA:124,18
DA:125,18
DA:126,10
DA:127,10
DA:128,4
DA:129,2
DA:130,2
DA:131,2
DA:132,2
DA:133,2
DA:134,16
DA:135,16
DA:136,48
DA:137,48
DA:138,192
DA:139,24
DA:140,24
DA:141,24
DA:142,24
DA:143,24
DA:144,24
DA:145,24
DA:146,48
DA:147,16
DA:148,2
DA:149,2
DA:150,2
DA:151,2
DA:152,2
DA:153,2
DA:154,2
DA:155,2
DA:156,2
DA:157,2
DA:158,16
DA:159,16
DA:160,438
DA:161,438
DA:162,438
DA:163,438
DA:164,438
DA:165,438
DA:166,16
DA:167,2
DA:168,2
DA:169,2
DA:170,2
DA:171,2
DA:172,0
DA:173,0
DA:174,2
DA:175,2
DA:176,2
DA:177,1
DA:178,1
DA:179,1
DA:180,1
DA:181,1
DA:182,1
DA:183,1
DA:184,1
DA:185,8
DA:186,8
DA:187,8
DA:188,8
DA:189,8
DA:190,8
DA:191,8
DA:192,8
DA:193,19
DA:194,19
DA:195,19
DA:196,1
DA:197,8
DA:198,1
DA:199,1
DA:200,1
DA:201,1
DA:202,1
DA:203,1
DA:204,1
DA:205,1
DA:206,1
DA:207,8
DA:208,8
DA:209,8
DA:210,8
DA:211,8
DA:212,8
DA:213,8
DA:214,8
DA:215,8
DA:216,8
DA:217,8
DA:218,8
DA:219,1
DA:220,1
DA:221,1
DA:222,1
DA:223,1
DA:224,1
DA:225,1
DA:226,1
DA:227,0
DA:228,0
DA:229,0
DA:230,0
DA:231,0
DA:232,0
DA:233,0
DA:234,0
DA:235,1
DA:236,1
DA:237,1
DA:238,1
DA:239,1
DA:240,1
DA:241,1
DA:242,1
DA:243,1
LF:243
LH:233
BRDA:1,0,0,1
BRDA:97,1,0,2
BRDA:171,2,0,0
BRDA:106,3,0,8
BRDA:107,4,0,4
BRDA:114,5,0,0
BRDA:110,6,0,624
BRDA:111,7,0,402
BRDA:112,8,0,106
BRDA:112,9,0,104
BRDA:120,10,0,10
BRDA:127,11,0,6
BRDA:128,12,0,4
BRDA:123,13,0,18
BRDA:125,14,0,12
BRDA:125,15,0,12
BRDA:133,16,0,16
BRDA:135,17,0,48
BRDA:137,18,0,192
BRDA:138,19,0,24
BRDA:157,20,0,16
BRDA:158,21,0,0
BRDA:159,22,0,438
BRDA:163,23,0,0
BRDA:168,24,0,20
BRDA:185,25,0,8
BRDA:187,26,0,0
BRDA:188,27,0,0
BRDA:192,28,0,19
BRDA:194,29,0,7
BRDA:196,30,0,1
BRDA:193,31,0,418
BRDA:205,32,0,1
BRDA:206,33,0,8
BRDA:212,34,0,0
BRDA:217,35,0,1
BRF:36
BRH:29
end_of_record
TN:
SF:commander/skill-browser.js
FN:19,getSkillSummary
FN:47,listSkills
FN:114,categorizeSkills
FN:131,getSkillPreview
FN:150,filterByProject
FNF:5
FNH:2
FNDA:716,getSkillSummary
FNDA:2,listSkills
FNDA:0,categorizeSkills
FNDA:0,getSkillPreview
FNDA:0,filterByProject
DA:1,1
DA:2,1
DA:3,1
DA:4,1
DA:5,1
DA:6,1
DA:7,1
DA:8,1
DA:9,1
DA:10,1
DA:11,1
DA:12,1
DA:13,1
DA:14,1
DA:15,1
DA:16,1
DA:17,1
DA:18,1
DA:19,716
DA:20,716
DA:21,716
DA:22,716
DA:23,716
DA:24,716
DA:25,706
DA:26,706
DA:27,716
DA:28,702
DA:29,702
DA:30,702
DA:31,702
DA:32,702
DA:33,702
DA:34,716
DA:35,716
DA:36,716
DA:37,716
DA:38,0
DA:39,0
DA:40,716
DA:41,1
DA:42,1
DA:43,1
DA:44,1
DA:45,1
DA:46,1
DA:47,2
DA:48,2
DA:49,2
DA:50,2
DA:51,2
DA:52,6
DA:53,4
DA:54,4
DA:55,6
DA:56,788
DA:57,4
DA:58,788
DA:59,788
DA:60,788
DA:61,378
DA:62,378
DA:63,378
DA:64,788
DA:65,356
DA:66,356
DA:67,356
DA:68,356
DA:69,356
DA:70,356
DA:71,356
DA:72,356
DA:73,356
DA:74,356
DA:75,356
DA:76,378
DA:77,378
DA:78,788
DA:79,22
DA:80,22
DA:81,22
DA:82,22
DA:83,436
DA:84,386
DA:85,436
DA:86,380
DA:87,436
DA:88,360
DA:89,360
DA:90,360
DA:91,360
DA:92,360
DA:93,360
DA:94,360
DA:95,360
DA:96,360
DA:97,360
DA:98,360
DA:99,436
DA:100,22
DA:101,22
DA:102,788
DA:103,6
DA:104,6
DA:105,2
DA:106,2
DA:107,2
DA:108,1
DA:109,1
DA:110,1
DA:111,1
DA:112,1
DA:113,1
DA:114,0
DA:115,0
DA:116,0
DA:117,0
DA:118,0
DA:119,0
DA:120,0
DA:121,0
DA:122,0
DA:123,0
DA:124,1
DA:125,1
DA:126,1
DA:127,1
DA:128,1
DA:129,1
DA:130,1
DA:131,0
DA:132,0
DA:133,0
DA:134,0
DA:135,0
DA:136,0
DA:137,0
DA:138,0
DA:139,0
DA:140,0
DA:141,0
DA:142,0
DA:143,0
DA:144,0
DA:145,0
DA:146,0
DA:147,0
DA:148,0
DA:149,1
DA:150,0
DA:151,0
DA:152,0
DA:153,0
DA:154,0
DA:155,0
DA:156,0
DA:157,0
DA:158,0
DA:159,0
DA:160,0
DA:161,0
DA:162,0
DA:163,0
DA:164,0
DA:165,0
DA:166,0
DA:167,0
DA:168,0
DA:169,0
DA:170,0
DA:171,0
DA:172,0
DA:173,0
DA:174,0
DA:175,0
DA:176,0
DA:177,0
DA:178,1
DA:179,1
DA:180,1
DA:181,1
DA:182,1
DA:183,1
DA:184,1
DA:185,1
LF:185
LH:127
BRDA:1,0,0,1
BRDA:19,1,0,716
BRDA:24,2,0,10
BRDA:25,3,0,706
BRDA:27,4,0,4
BRDA:28,5,0,702
BRDA:34,6,0,700
BRDA:34,7,0,2
BRDA:35,8,0,702
BRDA:35,9,0,0
BRDA:37,10,0,0
BRDA:26,11,0,5530
BRDA:47,12,0,2
BRDA:51,13,0,6
BRDA:52,14,0,2
BRDA:53,15,0,4
BRDA:55,16,0,788
BRDA:56,17,0,8
BRDA:56,18,0,4
BRDA:59,19,0,8
BRDA:60,20,0,780
BRDA:60,21,0,402
BRDA:61,22,0,378
BRDA:64,23,0,356
BRDA:76,24,0,378
BRDA:78,25,0,356
BRDA:78,26,0,22
BRDA:82,27,0,436
BRDA:83,28,0,50
BRDA:84,29,0,386
BRDA:85,30,0,6
BRDA:86,31,0,380
BRDA:87,32,0,360
BRDA:87,33,0,20
BRDA:88,34,0,360
BRDA:100,35,0,0
BRDA:103,36,0,4
BRDA:103,37,0,0
BRDA:56,38,0,4
BRDA:106,39,0,3534
BRF:40
BRH:36
end_of_record
TN:
SF:commander/state.js
FN:13,ensureDirs
FN:21,defaultState
FN:38,loadState
FN:48,saveState
FN:55,updateState
FN:60,updateUser
FN:67,getUserLevel
FN:79,generateSessionId
FN:83,createSession
FN:115,getSession
FN:125,updateSession
FN:137,completeSession
FN:174,listSessions
FN:194,getActiveSession
FN:202,appendHistory
FN:227,createProfile
FN:234,getProfile
FN:239,listProfiles
FN:244,repairState
FNF:19
FNH:1
FNDA:0,ensureDirs
FNDA:0,defaultState
FNDA:0,loadState
FNDA:0,saveState
FNDA:0,updateState
FNDA:0,updateUser
FNDA:4,getUserLevel
FNDA:0,generateSessionId
FNDA:0,createSession
FNDA:0,getSession
FNDA:0,updateSession
FNDA:0,completeSession
FNDA:0,listSessions
FNDA:0,getActiveSession
FNDA:0,appendHistory
FNDA:0,createProfile
FNDA:0,getProfile
FNDA:0,listProfiles
FNDA:0,repairState
DA:1,1
DA:2,1
DA:3,1
DA:4,1
DA:5,1
DA:6,1
DA:7,1
DA:8,1
DA:9,1
DA:10,1
DA:11,1
DA:12,1
DA:13,0
DA:14,0
DA:15,0
DA:16,0
DA:17,0
DA:18,1
DA:19,1
DA:20,1
DA:21,0
DA:22,0
DA:23,0
DA:24,0
DA:25,0
DA:26,0
DA:27,0
DA:28,0
DA:29,0
DA:30,0
DA:31,0
DA:32,0
DA:33,0
DA:34,0
DA:35,0
DA:36,0
DA:37,1
DA:38,0
DA:39,0
DA:40,0
DA:41,0
DA:42,0
DA:43,0
DA:44,0
DA:45,0
DA:46,0
DA:47,1
DA:48,0
DA:49,0
DA:50,0
DA:51,0
DA:52,0
DA:53,0
DA:54,1
DA:55,0
DA:56,0
DA:57,0
DA:58,0
DA:59,1
DA:60,0
DA:61,0
DA:62,0
DA:63,0
DA:64,1
DA:65,1
DA:66,1
DA:67,4
DA:68,4
DA:69,4
DA:70,4
DA:71,4
DA:72,4
DA:73,4
DA:74,1
DA:75,4
DA:76,1
DA:77,1
DA:78,1
DA:79,0
DA:80,0
DA:81,0
DA:82,1
DA:83,0
DA:84,0
DA:85,0
DA:86,0
DA:87,0
DA:88,0
DA:89,0
DA:90,0
DA:91,0
DA:92,0
DA:93,0
DA:94,0
DA:95,0
DA:96,0
DA:97,0
DA:98,0
DA:99,0
DA:100,0
DA:101,0
DA:102,0
DA:103,0
DA:104,0
DA:105,0
DA:106,0
DA:107,0
DA:108,0
DA:109,0
DA:110,0
DA:111,0
DA:112,0
DA:113,0
DA:114,1
DA:115,0
DA:116,0
DA:117,0
DA:118,0
DA:119,0
DA:120,0
DA:121,0
DA:122,0
DA:123,0
DA:124,1
DA:125,0
DA:126,0
DA:127,0
DA:128,0
DA:129,0
DA:130,0
DA:131,0
DA:132,0
DA:133,0
DA:134,0
DA:135,0
DA:136,1
DA:137,0
DA:138,0
DA:139,0
DA:140,0
DA:141,0
DA:142,0
DA:143,0
DA:144,0
DA:145,0
DA:146,0
DA:147,0
DA:148,0
DA:149,0
DA:150,0
DA:151,0
DA:152,0
DA:153,0
DA:154,0
DA:155,0
DA:156,0
DA:157,0
DA:158,0
DA:159,0
DA:160,0
DA:161,0
DA:162,0
DA:163,0
DA:164,0
DA:165,0
DA:166,0
DA:167,0
DA:168,0
DA:169,0
DA:170,0
DA:171,0
DA:172,0
DA:173,1
DA:174,0
DA:175,0
DA:176,0
DA:177,0
DA:178,0
DA:179,0
DA:180,0
DA:181,0
DA:182,0
DA:183,0
DA:184,0
DA:185,0
DA:186,0
DA:187,0
DA:188,0
DA:189,0
DA:190,0
DA:191,0
DA:192,0
DA:193,1
DA:194,0
DA:195,0
DA:196,0
DA:197,0
DA:198,0
DA:199,1
DA:200,1
DA:201,1
DA:202,0
DA:203,0
DA:204,0
DA:205,0
DA:206,0
DA:207,0
DA:208,0
DA:209,0
DA:210,0
DA:211,0
DA:212,0
DA:213,0
DA:214,0
DA:215,0
DA:216,0
DA:217,0
DA:218,0
DA:219,0
DA:220,0
DA:221,0
DA:222,0
DA:223,0
DA:224,1
DA:225,1
DA:226,1
DA:227,0
DA:228,0
DA:229,0
DA:230,0
DA:231,0
DA:232,0
DA:233,1
DA:234,0
DA:235,0
DA:236,0
DA:237,0
DA:238,1
DA:239,0
DA:240,0
DA:241,0
DA:242,0
DA:243,1
DA:244,0
DA:245,0
DA:246,0
DA:247,0
DA:248,0
DA:249,0
DA:250,0
DA:251,0
DA:252,0
DA:253,0
DA:254,0
DA:255,0
DA:256,0
DA:257,0
DA:258,0
DA:259,0
DA:260,0
DA:261,0
DA:262,0
DA:263,0
DA:264,0
DA:265,0
DA:266,0
DA:267,1
DA:268,1
DA:269,1
DA:270,1
DA:271,1
DA:272,1
DA:273,1
DA:274,1
DA:275,1
LF:275
LH:58
BRDA:1,0,0,1
BRDA:67,1,0,4
BRDA:68,2,0,0
BRDA:69,3,0,2
BRDA:71,4,0,1
BRDA:72,5,0,3
BRDA:72,6,0,1
BRDA:73,7,0,2
BRDA:73,8,0,1
BRF:9
BRH:8
end_of_record
TN:
SF:commander/themes-extra.js
FNF:0
FNH:0
DA:1,1
DA:2,1
DA:3,1
DA:4,1
DA:5,1
DA:6,1
DA:7,1
DA:8,1
DA:9,1
DA:10,1
DA:11,1
DA:12,1
DA:13,1
DA:14,1
DA:15,1
DA:16,1
DA:17,1
DA:18,1
DA:19,1
DA:20,1
DA:21,1
DA:22,1
DA:23,1
DA:24,1
DA:25,1
DA:26,1
DA:27,1
DA:28,1
DA:29,1
DA:30,1
DA:31,1
DA:32,1
DA:33,1
DA:34,1
DA:35,1
DA:36,1
DA:37,1
DA:38,1
DA:39,1
DA:40,1
DA:41,1
DA:42,1
DA:43,1
DA:44,1
DA:45,1
DA:46,1
DA:47,1
DA:48,1
DA:49,1
DA:50,1
DA:51,1
DA:52,1
DA:53,1
DA:54,1
DA:55,1
DA:56,1
DA:57,1
DA:58,1
DA:59,1
DA:60,1
DA:61,1
DA:62,1
DA:63,1
DA:64,1
DA:65,1
DA:66,1
DA:67,1
DA:68,1
DA:69,1
DA:70,1
DA:71,1
DA:72,1
DA:73,1
DA:74,1
DA:75,1
DA:76,1
DA:77,1
DA:78,1
DA:79,1
DA:80,1
DA:81,1
DA:82,1
DA:83,1
DA:84,1
DA:85,1
DA:86,1
DA:87,1
DA:88,1
LF:88
LH:88
BRDA:1,0,0,1
BRF:1
BRH:1
end_of_record
TN:
SF:commander/tui.js
FN:68,setTheme
FN:72,getTheme
FN:76,getThemeNames
FN:85,rgb
FN:86,bgRgb
FN:91,colorText
FN:92,boldText
FN:93,dimText
FN:97,gradient
FN:118,rainbow
FN:120,gradientLines
FN:132,renderLogo
FN:157,stripAnsi
FN:159,box
FN:175,select
FN:278,spinner
FN:303,typewriter
FN:317,progressBar
FN:328,sparkline
FN:342,clearScreen
FN:344,altScreen
FN:345,mainScreen
FN:349,statsCard
FN:362,celebrate
FN:374,divider
FN:422,renderLogoResponsive
FN:435,wipeTransition
FN:461,flashTransition
FN:481,themePickerItems
FN:498,renderDashboard
FN:561,renderWelcomeDash
FN:590,renderPromptBar
FN:597,renderStatusLine
FN:605,renderBanner
FN:626,renderCompactHeader
FN:645,renderSeparator
FN:651,renderMenuItem
FNF:37
FNH:6
FNDA:0,setTheme
FNDA:1,getTheme
FNDA:1,getThemeNames
FNDA:12,rgb
FNDA:0,bgRgb
FNDA:0,colorText
FNDA:0,boldText
FNDA:0,dimText
FNDA:1,gradient
FNDA:0,rainbow
FNDA:1,gradientLines
FNDA:1,renderLogo
FNDA:0,stripAnsi
FNDA:0,box
FNDA:0,select
FNDA:0,spinner
FNDA:0,typewriter
FNDA:0,progressBar
FNDA:0,sparkline
FNDA:0,clearScreen
FNDA:0,altScreen
FNDA:0,mainScreen
FNDA:0,statsCard
FNDA:0,celebrate
FNDA:0,divider
FNDA:0,renderLogoResponsive
FNDA:0,wipeTransition
FNDA:0,flashTransition
FNDA:0,themePickerItems
FNDA:0,renderDashboard
FNDA:0,renderWelcomeDash
FNDA:0,renderPromptBar
FNDA:0,renderStatusLine
FNDA:0,renderBanner
FNDA:0,renderCompactHeader
FNDA:0,renderSeparator
FNDA:0,renderMenuItem
DA:1,1
DA:2,1
DA:3,1
DA:4,1
DA:5,1
DA:6,1
DA:7,1
DA:8,1
DA:9,1
DA:10,1
DA:11,1
DA:12,1
DA:13,1
DA:14,1
DA:15,1
DA:16,1
DA:17,1
DA:18,1
DA:19,1
DA:20,1
DA:21,1
DA:22,1
DA:23,1
DA:24,1
DA:25,1
DA:26,1
DA:27,1
DA:28,1
DA:29,1
DA:30,1
DA:31,1
DA:32,1
DA:33,1
DA:34,1
DA:35,1
DA:36,1
DA:37,1
DA:38,1
DA:39,1
DA:40,1
DA:41,1
DA:42,1
DA:43,1
DA:44,1
DA:45,1
DA:46,1
DA:47,1
DA:48,1
DA:49,1
DA:50,1
DA:51,1
DA:52,1
DA:53,1
DA:54,1
DA:55,1
DA:56,1
DA:57,1
DA:58,1
DA:59,1
DA:60,1
DA:61,1
DA:62,1
DA:63,1
DA:64,1
DA:65,1
DA:66,1
DA:67,1
DA:68,0
DA:69,0
DA:70,0
DA:71,1
DA:72,1
DA:73,1
DA:74,1
DA:75,1
DA:76,1
DA:77,1
DA:78,1
DA:79,1
DA:80,1
DA:81,1
DA:82,1
DA:83,1
DA:84,1
DA:85,12
DA:86,0
DA:87,1
DA:88,1
DA:89,1
DA:90,1
DA:91,0
DA:92,0
DA:93,0
DA:94,1
DA:95,1
DA:96,1
DA:97,1
DA:98,1
DA:99,1
DA:100,1
DA:101,1
DA:102,1
DA:103,5
DA:104,5
DA:105,5
DA:106,5
DA:107,5
DA:108,5
DA:109,5
DA:110,5
DA:111,5
DA:112,5
DA:113,1
DA:114,1
DA:115,1
DA:116,1
DA:117,1
DA:118,0
DA:119,1
DA:120,1
DA:121,1
DA:122,7
DA:123,7
DA:124,7
DA:125,7
DA:126,7
DA:127,1
DA:128,1
DA:129,1
DA:130,1
DA:131,1
DA:132,1
DA:133,1
DA:134,1
DA:135,1
DA:136,1
DA:137,1
DA:138,1
DA:139,1
DA:140,1
DA:141,0
DA:142,0
DA:143,1
DA:144,1
DA:145,1
DA:146,1
DA:147,1
DA:148,1
DA:149,1
DA:150,1
DA:151,1
DA:152,1
DA:153,1
DA:154,1
DA:155,1
DA:156,1
DA:157,0
DA:158,1
DA:159,0
DA:160,0
DA:161,0
DA:162,0
DA:163,0
DA:164,0
DA:165,0
DA:166,0
DA:167,0
DA:168,0
DA:169,0
DA:170,0
DA:171,0
DA:172,1
DA:173,1
DA:174,1
DA:175,0
DA:176,0
DA:177,0
DA:178,0
DA:179,0
DA:180,0
DA:181,0
DA:182,0
DA:183,0
DA:184,0
DA:185,0
DA:186,0
DA:187,0
DA:188,0
DA:189,0
DA:190,0
DA:191,0
DA:192,0
DA:193,0
DA:194,0
DA:195,0
DA:196,0
DA:197,0
DA:198,0
DA:199,0
DA:200,0
DA:201,0
DA:202,0
DA:203,0
DA:204,0
DA:205,0
DA:206,0
DA:207,0
DA:208,0
DA:209,0
DA:210,0
DA:211,0
DA:212,0
DA:213,0
DA:214,0
DA:215,0
DA:216,0
DA:217,0
DA:218,0
DA:219,0
DA:220,0
DA:221,0
DA:222,0
DA:223,0
DA:224,0
DA:225,0
DA:226,0
DA:227,0
DA:228,0
DA:229,0
DA:230,0
DA:231,0
DA:232,0
DA:233,0
DA:234,0
DA:235,0
DA:236,0
DA:237,0
DA:238,0
DA:239,0
DA:240,0
DA:241,0
DA:242,0
DA:243,0
DA:244,0
DA:245,0
DA:246,0
DA:247,0
DA:248,0
DA:249,0
DA:250,0
DA:251,0
DA:252,0
DA:253,0
DA:254,0
DA:255,0
DA:256,0
DA:257,0
DA:258,0
DA:259,0
DA:260,0
DA:261,0
DA:262,0
DA:263,0
DA:264,0
DA:265,0
DA:266,0
DA:267,0
DA:268,0
DA:269,0
DA:270,0
DA:271,0
DA:272,0
DA:273,0
DA:274,0
DA:275,1
DA:276,1
DA:277,1
DA:278,0
DA:279,0
DA:280,0
DA:281,0
DA:282,0
DA:283,0
DA:284,0
DA:285,0
DA:286,0
DA:287,0
DA:288,0
DA:289,0
DA:290,0
DA:291,0
DA:292,0
DA:293,0
DA:294,0
DA:295,0
DA:296,0
DA:297,0
DA:298,0
DA:299,0
DA:300,1
DA:301,1
DA:302,1
DA:303,0
DA:304,0
DA:305,0
DA:306,0
DA:307,0
DA:308,0
DA:309,0
DA:310,0
DA:311,0
DA:312,0
DA:313,0
DA:314,1
DA:315,1
DA:316,1
DA:317,0
DA:318,0
DA:319,0
DA:320,0
DA:321,0
DA:322,0
DA:323,0
DA:324,0
DA:325,1
DA:326,1
DA:327,1
DA:328,0
DA:329,0
DA:330,0
DA:331,0
DA:332,0
DA:333,0
DA:334,0
DA:335,0
DA:336,0
DA:337,0
DA:338,0
DA:339,1
DA:340,1
DA:341,1
DA:342,0
DA:343,1
DA:344,0
DA:345,0
DA:346,1
DA:347,1
DA:348,1
DA:349,0
DA:350,0
DA:351,0
DA:352,0
DA:353,0
DA:354,0
DA:355,0
DA:356,0
DA:357,0
DA:358,0
DA:359,1
DA:360,1
DA:361,1
DA:362,0
DA:363,0
DA:364,0
DA:365,0
DA:366,0
DA:367,0
DA:368,0
DA:369,0
DA:370,0
DA:371,1
DA:372,1
DA:373,1
DA:374,0
DA:375,0
DA:376,0
DA:377,0
DA:378,0
DA:379,0
DA:380,0
DA:381,0
DA:382,1
DA:383,1
DA:384,1
DA:385,1
DA:386,1
DA:387,1
DA:388,1
DA:389,1
DA:390,1
DA:391,1
DA:392,1
DA:393,1
DA:394,1
DA:395,1
DA:396,1
DA:397,1
DA:398,1
DA:399,1
DA:400,1
DA:401,1
DA:402,1
DA:403,1
DA:404,1
DA:405,1
DA:406,1
DA:407,1
DA:408,1
DA:409,1
DA:410,1
DA:411,1
DA:412,1
DA:413,1
DA:414,1
DA:415,1
DA:416,1
DA:417,1
DA:418,1
DA:419,1
DA:420,1
DA:421,1
DA:422,0
DA:423,0
DA:424,0
DA:425,0
DA:426,0
DA:427,0
DA:428,0
DA:429,0
DA:430,0
DA:431,0
DA:432,1
DA:433,1
DA:434,1
DA:435,0
DA:436,0
DA:437,0
DA:438,0
DA:439,0
DA:440,0
DA:441,0
DA:442,0
DA:443,0
DA:444,0
DA:445,0
DA:446,0
DA:447,0
DA:448,0
DA:449,0
DA:450,0
DA:451,0
DA:452,0
DA:453,0
DA:454,0
DA:455,0
DA:456,0
DA:457,0
DA:458,0
DA:459,0
DA:460,1
DA:461,0
DA:462,0
DA:463,0
DA:464,0
DA:465,0
DA:466,0
DA:467,0
DA:468,0
DA:469,0
DA:470,0
DA:471,0
DA:472,0
DA:473,0
DA:474,0
DA:475,0
DA:476,0
DA:477,0
DA:478,1
DA:479,1
DA:480,1
DA:481,0
DA:482,0
DA:483,0
DA:484,0
DA:485,0
DA:486,0
DA:487,0
DA:488,0
DA:489,0
DA:490,1
DA:491,1
DA:492,1
DA:493,1
DA:494,1
DA:495,1
DA:496,1
DA:497,1
DA:498,0
DA:499,0
DA:500,0
DA:501,0
DA:502,0
DA:503,0
DA:504,0
DA:505,0
DA:506,0
DA:507,0
DA:508,0
DA:509,0
DA:510,0
DA:511,0
DA:512,0
DA:513,0
DA:514,0
DA:515,0
DA:516,0
DA:517,0
DA:518,0
DA:519,0
DA:520,0
DA:521,0
DA:522,0
DA:523,0
DA:524,0
DA:525,0
DA:526,0
DA:527,0
DA:528,0
DA:529,0
DA:530,0
DA:531,0
DA:532,0
DA:533,0
DA:534,0
DA:535,0
DA:536,0
DA:537,0
DA:538,0
DA:539,0
DA:540,0
DA:541,0
DA:542,0
DA:543,0
DA:544,0
DA:545,0
DA:546,0
DA:547,0
DA:548,0
DA:549,0
DA:550,0
DA:551,0
DA:552,0
DA:553,0
DA:554,0
DA:555,0
DA:556,1
DA:557,1
DA:558,1
DA:559,1
DA:560,1
DA:561,0
DA:562,0
DA:563,0
DA:564,0
DA:565,0
DA:566,0
DA:567,0
DA:568,0
DA:569,0
DA:570,0
DA:571,0
DA:572,0
DA:573,0
DA:574,0
DA:575,0
DA:576,0
DA:577,0
DA:578,0
DA:579,0
DA:580,0
DA:581,0
DA:582,0
DA:583,0
DA:584,0
DA:585,1
DA:586,1
DA:587,1
DA:588,1
DA:589,1
DA:590,0
DA:591,0
DA:592,0
DA:593,0
DA:594,0
DA:595,0
DA:596,1
DA:597,0
DA:598,0
DA:599,0
DA:600,0
DA:601,0
DA:602,0
DA:603,0
DA:604,1
DA:605,0
DA:606,0
DA:607,0
DA:608,0
DA:609,0
DA:610,0
DA:611,0
DA:612,0
DA:613,0
DA:614,0
DA:615,0
DA:616,0
DA:617,0
DA:618,0
DA:619,0
DA:620,0
DA:621,0
DA:622,0
DA:623,0
DA:624,0
DA:625,1
DA:626,0
DA:627,0
DA:628,0
DA:629,0
DA:630,0
DA:631,0
DA:632,0
DA:633,0
DA:634,0
DA:635,0
DA:636,0
DA:637,0
DA:638,0
DA:639,0
DA:640,0
DA:641,0
DA:642,0
DA:643,0
DA:644,1
DA:645,0
DA:646,0
DA:647,0
DA:648,0
DA:649,0
DA:650,1
DA:651,0
DA:652,0
DA:653,0
DA:654,0
DA:655,0
DA:656,0
DA:657,0
DA:658,1
DA:659,1
DA:660,1
DA:661,1
DA:662,1
DA:663,1
DA:664,1
LF:664
LH:252
BRDA:1,0,0,1
BRDA:64,1,0,0
BRDA:64,2,0,6
BRDA:72,3,0,1
BRDA:76,4,0,1
BRDA:85,5,0,12
BRDA:97,6,0,1
BRDA:98,7,0,0
BRDA:99,8,0,0
BRDA:102,9,0,5
BRDA:103,10,0,0
BRDA:104,11,0,0
BRDA:120,12,0,1
BRDA:121,13,0,7
BRDA:122,14,0,0
BRDA:132,15,0,1
BRDA:136,16,0,0
BRDA:140,17,0,0
BRF:18
BRH:10
end_of_record
TN:
SF:commander/vendor-scanner.js
FN:17,scanVendorDir
FN:85,detectSkills
FN:152,detectCommands
FN:178,detectHooks
FN:213,detectAgents
FN:254,mapSkillToPhase
FN:279,extractDescription
FN:299,buildCapabilityIndex
FN:330,getCachedIndex
FNF:9
FNH:9
FNDA:3,scanVendorDir
FNDA:30,detectSkills
FNDA:30,detectCommands
FNDA:30,detectHooks
FNDA:30,detectAgents
FNDA:219,mapSkillToPhase
FNDA:219,extractDescription
FNDA:1,buildCapabilityIndex
FNDA:2,getCachedIndex
DA:1,1
DA:2,1
DA:3,1
DA:4,1
DA:5,1
DA:6,1
DA:7,1
DA:8,1
DA:9,1
DA:10,1
DA:11,1
DA:12,1
DA:13,1
DA:14,1
DA:15,1
DA:16,1
DA:17,3
DA:18,3
DA:19,3
DA:20,3
DA:21,3
DA:22,3
DA:23,3
DA:24,0
DA:25,0
DA:26,3
DA:27,3
DA:28,3
DA:29,48
DA:30,48
DA:31,48
DA:32,48
DA:33,48
DA:34,48
DA:35,48
DA:36,48
DA:37,48
DA:38,48
DA:39,0
DA:40,0
DA:41,48
DA:42,48
DA:43,30
DA:44,30
DA:45,30
DA:46,30
DA:47,30
DA:48,30
DA:49,30
DA:50,30
DA:51,48
DA:52,21
DA:53,21
DA:54,21
DA:55,0
DA:56,0
DA:57,21
DA:58,30
DA:59,30
DA:60,30
DA:61,30
DA:62,30
DA:63,30
DA:64,30
DA:65,30
DA:66,30
DA:67,30
DA:68,30
DA:69,30
DA:70,30
DA:71,30
DA:72,3
DA:73,3
DA:74,3
DA:75,3
DA:76,1
DA:77,1
DA:78,1
DA:79,1
DA:80,1
DA:81,1
DA:82,1
DA:83,1
DA:84,1
DA:85,30
DA:86,30
DA:87,30
DA:88,30
DA:89,30
DA:90,30
DA:91,12
DA:92,12
DA:93,507
DA:94,504
DA:95,504
DA:96,504
DA:97,504
DA:98,504
DA:99,12
DA:100,12
DA:101,12
DA:102,30
DA:103,30
DA:104,30
DA:105,30
DA:106,9
DA:107,9
DA:108,27
DA:109,27
DA:110,27
DA:111,24
DA:112,24
DA:113,27
DA:114,9
DA:115,9
DA:116,9
DA:117,30
DA:118,30
DA:119,30
DA:120,30
DA:121,3
DA:122,3
DA:123,3
DA:124,30
DA:125,30
DA:126,30
DA:127,30
DA:128,1083
DA:129,510
DA:130,510
DA:131,510
DA:132,510
DA:133,1083
DA:134,333
DA:135,1083
DA:136,126
DA:137,126
DA:138,126
DA:139,126
DA:140,126
DA:141,126
DA:142,30
DA:143,30
DA:144,30
DA:145,30
DA:146,30
DA:147,1
DA:148,1
DA:149,1
DA:150,1
DA:151,1
DA:152,30
DA:153,30
DA:154,30
DA:155,30
DA:156,30
DA:157,30
DA:158,30
DA:159,30
DA:160,30
DA:161,60
DA:162,27
DA:163,27
DA:164,342
DA:165,324
DA:166,324
DA:167,27
DA:168,60
DA:169,30
DA:170,30
DA:171,30
DA:172,30
DA:173,1
DA:174,1
DA:175,1
DA:176,1
DA:177,1
DA:178,30
DA:179,30
DA:180,30
DA:181,30
DA:182,30
DA:183,30
DA:184,0
DA:185,0
DA:186,30
DA:187,30
DA:188,30
DA:189,30
DA:190,30
DA:191,30
DA:192,30
DA:193,60
DA:194,9
DA:195,9
DA:196,30
DA:197,30
DA:198,6
DA:199,30
DA:200,21
DA:201,21
DA:202,9
DA:203,60
DA:204,30
DA:205,30
DA:206,30
DA:207,30
DA:208,1
DA:209,1
DA:210,1
DA:211,1
DA:212,1
DA:213,30
DA:214,30
DA:215,30
DA:216,30
DA:217,30
DA:218,30
DA:219,30
DA:220,30
DA:221,30
DA:222,60
DA:223,21
DA:224,21
DA:225,222
DA:226,222
DA:227,186
DA:228,186
DA:229,21
DA:230,60
DA:231,30
DA:232,30
DA:233,30
DA:234,30
DA:235,1
DA:236,1
DA:237,1
DA:238,1
DA:239,1
DA:240,1
DA:241,1
DA:242,1
DA:243,1
DA:244,1
DA:245,1
DA:246,1
DA:247,1
DA:248,1
DA:249,1
DA:250,1
DA:251,1
DA:252,1
DA:253,1
DA:254,219
DA:255,219
DA:256,219
DA:257,219
DA:258,219
DA:259,219
DA:260,1752
DA:261,1752
DA:262,12702
DA:263,92
DA:264,92
DA:265,92
DA:266,80
DA:267,80
DA:268,80
DA:269,92
DA:270,1752
DA:271,219
DA:272,219
DA:273,219
DA:274,219
DA:275,1
DA:276,1
DA:277,1
DA:278,1
DA:279,219
DA:280,219
DA:281,219
DA:282,219
DA:283,219
DA:284,438
DA:285,438
DA:286,438
DA:287,438
DA:288,219
DA:289,438
DA:290,438
DA:291,219
DA:292,0
DA:293,219
DA:294,1
DA:295,1
DA:296,1
DA:297,1
DA:298,1
DA:299,1
DA:300,1
DA:301,1
DA:302,1
DA:303,1
DA:304,1
DA:305,1
DA:306,1
DA:307,1
DA:308,1
DA:309,1
DA:310,1
DA:311,1
DA:312,10
DA:313,219
DA:314,219
DA:315,219
DA:316,219
DA:317,219
DA:318,219
DA:319,219
DA:320,219
DA:321,10
DA:322,1
DA:323,1
DA:324,1
DA:325,1
DA:326,1
DA:327,1
DA:328,1
DA:329,1
DA:330,2
DA:331,2
DA:332,2
DA:333,1
DA:334,1
DA:335,1
DA:336,1
DA:337,2
DA:338,1
DA:339,1
DA:340,1
DA:341,1
DA:342,2
DA:343,1
DA:344,1
DA:345,1
DA:346,1
DA:347,1
DA:348,1
DA:349,1
DA:350,1
DA:351,1
DA:352,1
DA:353,1
DA:354,1
LF:354
LH:345
BRDA:1,0,0,1
BRDA:17,1,0,3
BRDA:18,2,0,0
BRDA:23,3,0,0
BRDA:28,4,0,48
BRDA:29,5,0,0
BRDA:30,6,0,0
BRDA:38,7,0,0
BRDA:42,8,0,18
BRDA:43,9,0,30
BRDA:51,10,0,21
BRDA:54,11,0,0
BRDA:58,12,0,30
BRDA:41,13,0,1083
BRDA:41,14,0,1053
BRDA:85,15,0,30
BRDA:90,16,0,12
BRDA:100,17,0,0
BRDA:105,18,0,9
BRDA:115,19,0,0
BRDA:120,20,0,3
BRDA:143,21,0,0
BRDA:92,22,0,507
BRDA:93,23,0,504
BRDA:107,24,0,27
BRDA:110,25,0,24
BRDA:127,26,0,1083
BRDA:128,27,0,573
BRDA:129,28,0,510
BRDA:133,29,0,177
BRDA:134,30,0,333
BRDA:135,31,0,126
BRDA:137,32,0,1791
BRDA:152,33,0,30
BRDA:160,34,0,60
BRDA:161,35,0,33
BRDA:162,36,0,27
BRDA:168,37,0,0
BRDA:163,38,0,342
BRDA:164,39,0,324
BRDA:178,40,0,30
BRDA:183,41,0,0
BRDA:192,42,0,60
BRDA:193,43,0,51
BRDA:194,44,0,9
BRDA:203,45,0,0
BRDA:195,46,0,30
BRDA:197,47,0,6
BRDA:199,48,0,24
BRDA:199,49,0,21
BRDA:213,50,0,30
BRDA:221,51,0,60
BRDA:222,52,0,39
BRDA:223,53,0,21
BRDA:230,54,0,0
BRDA:224,55,0,222
BRDA:225,56,0,3
BRDA:226,57,0,219
BRDA:226,58,0,36
BRDA:226,59,0,33
BRDA:226,60,0,186
BRDA:254,61,0,219
BRDA:259,62,0,1752
BRDA:261,63,0,12702
BRDA:262,64,0,12688
BRDA:262,65,0,92
BRDA:264,66,0,14
BRDA:264,67,0,78
BRDA:265,68,0,80
BRDA:279,69,0,219
BRDA:283,70,0,438
BRDA:285,71,0,0
BRDA:286,72,0,0
BRDA:287,73,0,219
BRDA:289,74,0,1
BRDA:289,75,0,218
BRDA:291,76,0,0
BRDA:299,77,0,1
BRDA:311,78,0,10
BRDA:312,79,0,219
BRDA:330,80,0,2
BRDA:332,81,0,1
BRDA:332,82,0,1
BRDA:337,83,0,0
BRDA:338,84,0,1
BRF:85
BRH:68
end_of_record
TN:
SF:commander/tests/paths.test.js
FNF:0
FNH:0
DA:1,1
DA:2,1
DA:3,1
DA:4,1
DA:5,1
DA:6,1
DA:7,1
DA:8,1
DA:9,1
DA:10,1
DA:11,1
DA:12,1
DA:13,1
DA:14,1
DA:15,1
DA:16,1
DA:17,1
DA:18,1
DA:19,1
DA:20,1
DA:21,1
DA:22,1
DA:23,1
DA:24,1
DA:25,1
DA:26,14
DA:27,14
DA:28,14
DA:29,14
DA:30,1
DA:31,1
DA:32,1
DA:33,1
DA:34,1
DA:35,1
DA:36,1
DA:37,14
DA:38,14
DA:39,1
DA:40,1
DA:41,1
DA:42,1
DA:43,14
DA:44,14
DA:45,76
DA:46,0
DA:47,0
DA:48,14
DA:49,14
DA:50,3
DA:51,11
DA:52,0
DA:53,0
DA:54,3
DA:55,3
DA:56,1
DA:57,1
DA:58,1
DA:59,1
DA:60,1
DA:61,1
DA:62,1
DA:63,1
DA:64,1
DA:65,1
DA:66,1
DA:67,1
DA:68,1
DA:69,1
DA:70,1
DA:71,1
DA:72,1
DA:73,1
DA:74,1
DA:75,1
DA:76,1
DA:77,1
DA:78,1
DA:79,1
DA:80,1
DA:81,1
DA:82,1
DA:83,1
DA:84,1
DA:85,1
DA:86,1
DA:87,1
DA:88,1
DA:89,1
DA:90,1
DA:91,1
DA:92,1
DA:93,1
DA:94,1
DA:95,1
DA:96,1
DA:97,1
DA:98,1
DA:99,1
DA:100,1
DA:101,1
DA:102,1
DA:103,1
DA:104,1
DA:105,1
DA:106,1
DA:107,1
DA:108,1
DA:109,1
DA:110,1
DA:111,1
DA:112,1
DA:113,1
DA:114,1
DA:115,1
DA:116,1
DA:117,1
DA:118,1
DA:119,1
DA:120,1
DA:121,1
DA:122,1
DA:123,1
DA:124,1
DA:125,1
DA:126,1
DA:127,1
DA:128,1
DA:129,1
DA:130,1
DA:131,1
DA:132,1
DA:133,1
DA:134,1
DA:135,1
DA:136,1
DA:137,1
DA:138,1
DA:139,1
DA:140,1
DA:141,1
DA:142,1
DA:143,1
DA:144,1
DA:145,1
DA:146,1
DA:147,1
DA:148,1
DA:149,8
DA:150,8
DA:151,8
DA:152,1
DA:153,1
DA:154,1
DA:155,1
DA:156,1
DA:157,1
DA:158,1
DA:159,1
DA:160,1
DA:161,1
DA:162,1
DA:163,1
DA:164,1
DA:165,1
DA:166,1
DA:167,1
DA:168,1
DA:169,1
DA:170,1
DA:171,1
DA:172,1
DA:173,1
DA:174,1
DA:175,1
DA:176,1
DA:177,1
DA:178,1
DA:179,1
DA:180,1
DA:181,1
DA:182,1
DA:183,1
DA:184,1
DA:185,1
DA:186,1
DA:187,1
DA:188,1
DA:189,1
DA:190,1
DA:191,1
DA:192,1
DA:193,1
DA:194,1
DA:195,1
DA:196,1
DA:197,1
DA:198,1
DA:199,1
DA:200,1
DA:201,1
DA:202,1
DA:203,1
LF:203
LH:199
BRDA:1,0,0,1
BRDA:21,1,0,1
BRDA:22,2,0,14
BRDA:25,3,0,14
BRDA:29,4,0,3
BRDA:33,5,0,1
BRDA:34,6,0,14
BRDA:36,7,0,14
BRDA:42,8,0,14
BRDA:44,9,0,3
BRDA:49,10,0,3
BRDA:49,11,0,3
BRDA:44,12,0,76
BRDA:45,13,0,41
BRDA:45,14,0,20
BRDA:45,15,0,0
BRDA:50,16,0,11
BRDA:51,17,0,4
BRDA:51,18,0,0
BRDA:51,19,0,0
BRDA:63,20,0,1
BRDA:77,21,0,1
BRDA:88,22,0,14
BRDA:92,23,0,1
BRDA:102,24,0,1
BRDA:108,25,0,1
BRDA:118,26,0,1
BRDA:126,27,0,1
BRDA:136,28,0,1
BRDA:144,29,0,1
BRDA:148,30,0,8
BRDA:157,31,0,1
BRDA:162,32,0,1
BRDA:164,33,0,358
BRDA:170,34,0,1
BRDA:175,35,0,1
BRDA:180,36,0,1
BRDA:190,37,0,1
BRDA:198,38,0,1
BRF:39
BRH:36
end_of_record
